<?xml version="1.0" encoding="UTF-8"?>
<!-- Generated by org.testng.reporters.JUnitXMLReporter -->
<testsuite ignored="0" hostname="Wilfy_Ausus" failures="0" tests="3" name="chrome" time="39.689" errors="0" timestamp="2026-02-13T19:56:11 IST">
  <testcase classname="TestCases.TC001_doRegistration" name="myRegistration" time="3.897"/>
  <testcase classname="TestCases.TC001_doRegistration" name="myRegistration" time="4.976"/>
  <testcase classname="TestCases.TC001_doRegistration" name="myRegistration" time="4.443"/>
</testsuite> <!-- chrome -->
