<?xml version="1.0" encoding="UTF-8"?>
<!-- Generated by org.testng.reporters.JUnitXMLReporter -->
<testsuite ignored="0" hostname="Wilfy_Ausus" failures="0" tests="3" name="edge" time="38.1" errors="0" timestamp="2026-02-13T19:57:51 IST">
  <testcase classname="TestCases.TC001_doRegistration" name="myRegistration" time="4.591"/>
  <testcase classname="TestCases.TC001_doRegistration" name="myRegistration" time="4.13"/>
  <testcase classname="TestCases.TC001_doRegistration" name="myRegistration" time="3.827"/>
</testsuite> <!-- edge -->
