<?xml version="1.0" encoding="UTF-8"?>
<!-- Generated by org.testng.reporters.JUnitXMLReporter -->
<testsuite ignored="0" hostname="Wilfy_Ausus" failures="0" tests="3" name="firefox" time="61.29" errors="0" timestamp="2026-02-13T19:57:12 IST">
  <testcase classname="TestCases.TC001_doRegistration" name="myRegistration" time="6.403"/>
  <testcase classname="TestCases.TC001_doRegistration" name="myRegistration" time="3.66"/>
  <testcase classname="TestCases.TC001_doRegistration" name="myRegistration" time="2.903"/>
</testsuite> <!-- firefox -->
