<?xml version="1.0" encoding="UTF-8"?>
<!-- Generated by org.testng.reporters.JUnitXMLReporter -->
<testsuite ignored="0" hostname="Wilfy_Ausus" failures="1" tests="4" name="Test" time="301.665" errors="0" timestamp="2026-02-16T21:39:45 IST">
  <testcase classname="TestCases.TC002_doLogin" name="myLogin" time="17.173"/>
  <testcase classname="TestCases.TC002_doLogin" name="myLogin" time="39.402"/>
  <testcase classname="TestCases.TC002_doLogin" name="myLogin" time="14.31"/>
  <testcase classname="TestCases.TC002_doLogin" name="myLogin" time="31.745">
    <failure type="java.lang.AssertionError" message="expected [true] but found [false]">
      <![CDATA[java.lang.AssertionError: expected [true] but found [false]
at TestCases.TC002_doLogin.myLogin(TC002_doLogin.java:82)
at java.base/java.util.ArrayList.forEach(ArrayList.java:1596)
... Removed 29 stack frames]]>
    </failure>
  </testcase> <!-- myLogin -->
</testsuite> <!-- Test -->
