<?xml version="1.0" encoding="UTF-8"?>
<testng-results ignored="0" total="4" passed="3" failed="1" skipped="0">
  <reporter-output>
  </reporter-output>
  <suite started-at="2026-02-16T21:34:34 IST" name="Suite" finished-at="2026-02-16T21:39:36 IST" duration-ms="301665">
    <groups>
      <group name="Regression">
        <method signature="TC002_doLogin.myLogin(java.lang.String,java.lang.String,java.lang.String)[pri:0, instance:TestCases.TC002_doLogin@335b5620]" name="myLogin" class="TestCases.TC002_doLogin"/>
      </group> <!-- Regression -->
    </groups>
    <test started-at="2026-02-16T21:34:34 IST" name="Test" finished-at="2026-02-16T21:39:36 IST" duration-ms="301665">
      <class name="TestCases.TC002_doLogin">
        <test-method is-config="true" signature="setUp(java.lang.String,java.lang.String)[pri:0, instance:TestCases.TC002_doLogin@335b5620]" started-at="2026-02-16T21:34:35 IST" name="setUp" finished-at="2026-02-16T21:35:59 IST" duration-ms="83969" status="PASS">
          <params>
            <param index="0">
              <value>
                <![CDATA[Linux]]>
              </value>
            </param>
            <param index="1">
              <value>
                <![CDATA[chrome]]>
              </value>
            </param>
          </params>
          <reporter-output>
          </reporter-output>
        </test-method> <!-- setUp -->
        <test-method signature="myLogin(java.lang.String,java.lang.String,java.lang.String)[pri:0, instance:TestCases.TC002_doLogin@335b5620]" started-at="2026-02-16T21:36:00 IST" name="myLogin" data-provider="dp" finished-at="2026-02-16T21:36:17 IST" duration-ms="17173" status="PASS">
          <params>
            <param index="0">
              <value>
                <![CDATA[wilfeevanss@gmail.com]]>
              </value>
            </param>
            <param index="1">
              <value>
                <![CDATA[sample123]]>
              </value>
            </param>
            <param index="2">
              <value>
                <![CDATA[valid]]>
              </value>
            </param>
          </params>
          <reporter-output>
          </reporter-output>
        </test-method> <!-- myLogin -->
        <test-method is-config="true" signature="tearDown()[pri:0, instance:TestCases.TC002_doLogin@335b5620]" started-at="2026-02-16T21:36:18 IST" name="tearDown" finished-at="2026-02-16T21:36:21 IST" duration-ms="3593" status="PASS">
          <reporter-output>
          </reporter-output>
        </test-method> <!-- tearDown -->
        <test-method is-config="true" signature="setUp(java.lang.String,java.lang.String)[pri:0, instance:TestCases.TC002_doLogin@335b5620]" started-at="2026-02-16T21:36:21 IST" name="setUp" finished-at="2026-02-16T21:37:07 IST" duration-ms="45633" status="PASS">
          <params>
            <param index="0">
              <value>
                <![CDATA[Linux]]>
              </value>
            </param>
            <param index="1">
              <value>
                <![CDATA[chrome]]>
              </value>
            </param>
          </params>
          <reporter-output>
          </reporter-output>
        </test-method> <!-- setUp -->
        <test-method signature="myLogin(java.lang.String,java.lang.String,java.lang.String)[pri:0, instance:TestCases.TC002_doLogin@335b5620]" started-at="2026-02-16T21:37:07 IST" name="myLogin" data-provider="dp" finished-at="2026-02-16T21:37:46 IST" duration-ms="39402" status="PASS">
          <params>
            <param index="0">
              <value>
                <![CDATA[wilfred@gmail.com]]>
              </value>
            </param>
            <param index="1">
              <value>
                <![CDATA[sample123]]>
              </value>
            </param>
            <param index="2">
              <value>
                <![CDATA[invalid]]>
              </value>
            </param>
          </params>
          <reporter-output>
          </reporter-output>
        </test-method> <!-- myLogin -->
        <test-method is-config="true" signature="tearDown()[pri:0, instance:TestCases.TC002_doLogin@335b5620]" started-at="2026-02-16T21:37:47 IST" name="tearDown" finished-at="2026-02-16T21:37:52 IST" duration-ms="5430" status="PASS">
          <reporter-output>
          </reporter-output>
        </test-method> <!-- tearDown -->
        <test-method is-config="true" signature="setUp(java.lang.String,java.lang.String)[pri:0, instance:TestCases.TC002_doLogin@335b5620]" started-at="2026-02-16T21:37:52 IST" name="setUp" finished-at="2026-02-16T21:38:10 IST" duration-ms="17681" status="PASS">
          <params>
            <param index="0">
              <value>
                <![CDATA[Linux]]>
              </value>
            </param>
            <param index="1">
              <value>
                <![CDATA[chrome]]>
              </value>
            </param>
          </params>
          <reporter-output>
          </reporter-output>
        </test-method> <!-- setUp -->
        <test-method signature="myLogin(java.lang.String,java.lang.String,java.lang.String)[pri:0, instance:TestCases.TC002_doLogin@335b5620]" started-at="2026-02-16T21:38:10 IST" name="myLogin" data-provider="dp" finished-at="2026-02-16T21:38:24 IST" duration-ms="14310" status="PASS">
          <params>
            <param index="0">
              <value>
                <![CDATA[wilfeevanss@gmail.com]]>
              </value>
            </param>
            <param index="1">
              <value>
                <![CDATA[data234]]>
              </value>
            </param>
            <param index="2">
              <value>
                <![CDATA[invalid]]>
              </value>
            </param>
          </params>
          <reporter-output>
          </reporter-output>
        </test-method> <!-- myLogin -->
        <test-method is-config="true" signature="tearDown()[pri:0, instance:TestCases.TC002_doLogin@335b5620]" started-at="2026-02-16T21:38:24 IST" name="tearDown" finished-at="2026-02-16T21:38:29 IST" duration-ms="4599" status="PASS">
          <reporter-output>
          </reporter-output>
        </test-method> <!-- tearDown -->
        <test-method is-config="true" signature="setUp(java.lang.String,java.lang.String)[pri:0, instance:TestCases.TC002_doLogin@335b5620]" started-at="2026-02-16T21:38:29 IST" name="setUp" finished-at="2026-02-16T21:38:51 IST" duration-ms="21914" status="PASS">
          <params>
            <param index="0">
              <value>
                <![CDATA[Linux]]>
              </value>
            </param>
            <param index="1">
              <value>
                <![CDATA[chrome]]>
              </value>
            </param>
          </params>
          <reporter-output>
          </reporter-output>
        </test-method> <!-- setUp -->
        <test-method signature="myLogin(java.lang.String,java.lang.String,java.lang.String)[pri:0, instance:TestCases.TC002_doLogin@335b5620]" started-at="2026-02-16T21:38:51 IST" name="myLogin" data-provider="dp" finished-at="2026-02-16T21:39:23 IST" duration-ms="31745" status="FAIL">
          <params>
            <param index="0">
              <value>
                <![CDATA[miniwilfred451@gmail.com]]>
              </value>
            </param>
            <param index="1">
              <value>
                <![CDATA[data@123]]>
              </value>
            </param>
            <param index="2">
              <value>
                <![CDATA[invalid]]>
              </value>
            </param>
          </params>
          <exception class="java.lang.AssertionError">
            <message>
              <![CDATA[expected [true] but found [false]]]>
            </message>
            <full-stacktrace>
              <![CDATA[java.lang.AssertionError: expected [true] but found [false]
at org.testng.Assert.fail(Assert.java:110)
at org.testng.Assert.failNotEquals(Assert.java:1413)
at org.testng.Assert.assertTrue(Assert.java:56)
at org.testng.Assert.assertTrue(Assert.java:66)
at TestCases.TC002_doLogin.myLogin(TC002_doLogin.java:82)
at java.base/jdk.internal.reflect.DirectMethodHandleAccessor.invoke(DirectMethodHandleAccessor.java:103)
at java.base/java.lang.reflect.Method.invoke(Method.java:580)
at org.testng.internal.invokers.MethodInvocationHelper.invokeMethod(MethodInvocationHelper.java:139)
at org.testng.internal.invokers.TestInvoker.invokeMethod(TestInvoker.java:677)
at org.testng.internal.invokers.TestInvoker.invokeTestMethod(TestInvoker.java:221)
at org.testng.internal.invokers.MethodRunner.runInSequence(MethodRunner.java:50)
at org.testng.internal.invokers.TestInvoker$MethodInvocationAgent.invoke(TestInvoker.java:969)
at org.testng.internal.invokers.TestInvoker.invokeTestMethods(TestInvoker.java:194)
at org.testng.internal.invokers.TestMethodWorker.invokeTestMethods(TestMethodWorker.java:148)
at org.testng.internal.invokers.TestMethodWorker.run(TestMethodWorker.java:128)
at java.base/java.util.ArrayList.forEach(ArrayList.java:1596)
at org.testng.TestRunner.privateRun(TestRunner.java:829)
at org.testng.TestRunner.run(TestRunner.java:602)
at org.testng.SuiteRunner.runTest(SuiteRunner.java:437)
at org.testng.SuiteRunner.runSequentially(SuiteRunner.java:431)
at org.testng.SuiteRunner.privateRun(SuiteRunner.java:391)
at org.testng.SuiteRunner.run(SuiteRunner.java:330)
at org.testng.SuiteRunnerWorker.runSuite(SuiteRunnerWorker.java:52)
at org.testng.SuiteRunnerWorker.run(SuiteRunnerWorker.java:95)
at org.testng.TestNG.runSuitesSequentially(TestNG.java:1256)
at org.testng.TestNG.runSuitesLocally(TestNG.java:1176)
at org.testng.TestNG.runSuites(TestNG.java:1099)
at org.testng.TestNG.run(TestNG.java:1067)
at org.testng.remote.AbstractRemoteTestNG.run(AbstractRemoteTestNG.java:115)
at org.testng.remote.RemoteTestNG.initAndRun(RemoteTestNG.java:293)
at org.testng.remote.RemoteTestNG.main(RemoteTestNG.java:91)
]]>
            </full-stacktrace>
          </exception> <!-- java.lang.AssertionError -->
          <reporter-output>
          </reporter-output>
        </test-method> <!-- myLogin -->
        <test-method is-config="true" signature="tearDown()[pri:0, instance:TestCases.TC002_doLogin@335b5620]" started-at="2026-02-16T21:39:32 IST" name="tearDown" finished-at="2026-02-16T21:39:36 IST" duration-ms="4040" status="PASS">
          <reporter-output>
          </reporter-output>
        </test-method> <!-- tearDown -->
      </class> <!-- TestCases.TC002_doLogin -->
    </test> <!-- Test -->
  </suite> <!-- Suite -->
</testng-results>
