<?xml version="1.0" encoding="UTF-8"?>
<!-- Generated by org.testng.reporters.JUnitReportReporter -->
<testsuite hostname="Wilfy_Ausus" failures="0" tests="9" name="TestCases.TC001_doRegistration" time="137.824" errors="0" timestamp="2026-02-13T19:57:52 IST" skipped="0">
  <testcase classname="TestCases.TC001_doRegistration" name="myRegistration" time="14.869"/>
  <system-out/>
  <testcase classname="TestCases.TC001_doRegistration" name="myRegistration" time="22.431"/>
  <system-out/>
  <testcase classname="TestCases.TC001_doRegistration" name="myRegistration" time="12.270"/>
  <system-out/>
  <testcase classname="TestCases.TC001_doRegistration" name="myRegistration" time="11.707"/>
  <system-out/>
  <testcase classname="TestCases.TC001_doRegistration" name="myRegistration" time="13.002"/>
  <system-out/>
  <testcase classname="TestCases.TC001_doRegistration" name="myRegistration" time="12.376"/>
  <system-out/>
  <testcase classname="TestCases.TC001_doRegistration" name="myRegistration" time="12.793"/>
  <system-out/>
  <testcase classname="TestCases.TC001_doRegistration" name="myRegistration" time="20.217"/>
  <system-out/>
  <testcase classname="TestCases.TC001_doRegistration" name="myRegistration" time="18.159"/>
  <system-out/>
</testsuite> <!-- TestCases.TC001_doRegistration -->
